<?xml version="1.0" encoding="UTF-8"?>
<testsuite name="boxlang.lsp.AppTest" tests="1" skipped="0" failures="0" errors="0" timestamp="2024-12-17T17:10:56" hostname="QWERTY" time="0.01">
  <properties/>
  <testcase name="appHasAGreeting()" classname="boxlang.lsp.AppTest" time="0.01"/>
  <system-out><![CDATA[]]></system-out>
  <system-err><![CDATA[]]></system-err>
</testsuite>
